1e7af76b758d71c2c71e210438e0ef45751ebe35a70288955bbbd657693c0612
3.49950000
[
  {
    "txid": "1e7af76b758d71c2c71e210438e0ef45751ebe35a70288955bbbd657693c0612",
    "vout": 0,
    "address": "2N2XMP8WaccQsmyqRG8CAnWvWQoG3MKG1cZ",
    "account": "",
    "redeemScript": "00146410717a807229fc5c1ecd184ec2dc75fdca6b92",
    "scriptPubKey": "a91465c5f5a5d4d81764ed40b38e8548600f794a7f3d87",
    "amount": 1.00000000,
    "confirmations": 3,
    "spendable": true,
    "solvable": true,
    "safe": true
  },
  {
    "txid": "1e7af76b758d71c2c71e210438e0ef45751ebe35a70288955bbbd657693c0612",
    "vout": 1,
    "address": "2N4jdNwtF57ssn5ckd9nAnsoFf38waQjeCJ",
    "redeemScript": "00144a08ea8778984c46cff1258906d7ce0aa9ed460a",
    "scriptPubKey": "a9147e088e6093af38f093f2f16e8ff863c2211382bd87",
    "amount": 0.99950000,
    "confirmations": 3,
    "spendable": true,
    "solvable": true,
    "safe": true
  },
  {
    "txid": "0504eb6d76e8875c4b02041c67844c9dca0892ea70d58155335f15561b59c439",
    "vout": 1,
    "address": "2N2XMP8WaccQsmyqRG8CAnWvWQoG3MKG1cZ",
    "account": "",
    "redeemScript": "00146410717a807229fc5c1ecd184ec2dc75fdca6b92",
    "scriptPubKey": "a91465c5f5a5d4d81764ed40b38e8548600f794a7f3d87",
    "amount": 0.50000000,
    "confirmations": 405,
    "spendable": true,
    "solvable": true,
    "safe": true
  },
  {
    "txid": "c977b69a85d5df409913fcf4ff402a5e19412905b1a629f4f80c99b13a59ef95",
    "vout": 0,
    "address": "2NC4MxHwAJVGe3Egxuia3X69dmTBSn7raXr",
    "account": "",
    "redeemScript": "0014aeaaa235f8534d0b9b0b49623f6b63038aead6e5",
    "scriptPubKey": "a914ce5c76b63a1e3c433eb460e9dec5e1a837b2683c87",
    "amount": 1.00000000,
    "confirmations": 411,
    "spendable": true,
    "solvable": true,
    "safe": true
  }
]
